2025/06/18 20:43:25 Listing all collections...
2025/06/18 20:43:26 [henry ayush]
2025/06/18 20:43:26 Processing collection: henry

Processing incomplete records...
2025/06/18 20:43:26 Error updating product : unsupported vendor or invalid URL: 
2025/06/18 20:43:26 Unsupported vendor for URL: 
48800.
Updated price for HP 15s, 12th Gen Intel Core i5-1235U,16GB DDR4, 512GB SSD (Win11, Office21, Silver, 1.69kg) Anti-Glare,15.6-inch(39.6cm), FHD Laptop, Intel Iris Xe Graphics, Backlit KB, HD Camera, fq5330TU: 48800.00
2025/06/18 20:43:29 Processing collection: ayush

Processing incomplete records...
2025/06/18 20:43:30 Error updating product : unsupported vendor or invalid URL: 
2025/06/18 20:43:30 Unsupported vendor for URL: 
3849.
Updated price for AI Smart Kids Remote Control Robot Dog Toy, Programmable Interactive & Smart Dancing Robots for Kids 5 and up, RC Stunt Toy Dog with Sound LED Eyes, Electronic Pets Toys Robotic Dogs (White Blue): 3849.00
2025/06/18 20:43:32 Finished processing all collections.
2025/06/18 21:00:02 Listing all collections...
2025/06/18 21:00:03 [henry ayush]
2025/06/18 21:00:03 Processing collection: henry

Processing incomplete records...
2025/06/18 21:00:03 Error updating product : unsupported vendor or invalid URL: 
2025/06/18 21:00:03 Unsupported vendor for URL: 
48800.
Updated price for HP 15s, 12th Gen Intel Core i5-1235U,16GB DDR4, 512GB SSD (Win11, Office21, Silver, 1.69kg) Anti-Glare,15.6-inch(39.6cm), FHD Laptop, Intel Iris Xe Graphics, Backlit KB, HD Camera, fq5330TU: 48800.00
2025/06/18 21:00:07 Processing collection: ayush

Processing incomplete records...
2025/06/18 21:00:07 Error updating product : unsupported vendor or invalid URL: 
2025/06/18 21:00:07 Unsupported vendor for URL: 
3849.
Updated price for AI Smart Kids Remote Control Robot Dog Toy, Programmable Interactive & Smart Dancing Robots for Kids 5 and up, RC Stunt Toy Dog with Sound LED Eyes, Electronic Pets Toys Robotic Dogs (White Blue): 3849.00
2025/06/18 21:00:10 Finished processing all collections.
2025/06/19 03:00:02 Listing all collections...
2025/06/19 03:00:03 [henry ayush]
2025/06/19 03:00:03 Processing collection: henry

Processing incomplete records...
2025/06/19 03:00:04 Error updating product : unsupported vendor or invalid URL: 
2025/06/19 03:00:04 Unsupported vendor for URL: 
48900.
Updated price for HP 15s, 12th Gen Intel Core i5-1235U,16GB DDR4, 512GB SSD (Win11, Office21, Silver, 1.69kg) Anti-Glare,15.6-inch(39.6cm), FHD Laptop, Intel Iris Xe Graphics, Backlit KB, HD Camera, fq5330TU: 48900.00
2025/06/19 03:00:07 Processing collection: ayush

Processing incomplete records...
2025/06/19 03:00:07 Error updating product : unsupported vendor or invalid URL: 
2025/06/19 03:00:07 Unsupported vendor for URL: 
3849.
Updated price for AI Smart Kids Remote Control Robot Dog Toy, Programmable Interactive & Smart Dancing Robots for Kids 5 and up, RC Stunt Toy Dog with Sound LED Eyes, Electronic Pets Toys Robotic Dogs (White Blue): 3849.00
2025/06/19 03:00:10 Finished processing all collections.
2025/06/19 03:30:01 Listing all collections...
2025/06/19 03:30:03 [henry ayush]
2025/06/19 03:30:03 Processing collection: henry

Processing incomplete records...
2025/06/19 03:30:03 Error updating product : unsupported vendor or invalid URL: 
2025/06/19 03:30:03 Unsupported vendor for URL: 
50800.
Updated price for HP 15s, 12th Gen Intel Core i5-1235U,16GB DDR4, 512GB SSD (Win11, Office21, Silver, 1.69kg) Anti-Glare,15.6-inch(39.6cm), FHD Laptop, Intel Iris Xe Graphics, Backlit KB, HD Camera, fq5330TU: 50800.00
2025/06/19 03:30:06 Processing collection: ayush

Processing incomplete records...
2025/06/19 03:30:06 Error updating product : unsupported vendor or invalid URL: 
2025/06/19 03:30:06 Unsupported vendor for URL: 
3849.
Updated price for AI Smart Kids Remote Control Robot Dog Toy, Programmable Interactive & Smart Dancing Robots for Kids 5 and up, RC Stunt Toy Dog with Sound LED Eyes, Electronic Pets Toys Robotic Dogs (White Blue): 3849.00
2025/06/19 03:30:09 Finished processing all collections.
2025/06/19 03:45:56 Listing all collections...
2025/06/19 03:45:57 [henry ayush]
2025/06/19 03:45:57 Processing collection: henry

Processing incomplete records...
2025/06/19 03:45:57 Error updating product : unsupported vendor or invalid URL: 
2025/06/19 03:45:57 Unsupported vendor for URL: 
50800.
Updated price for HP 15s, 12th Gen Intel Core i5-1235U,16GB DDR4, 512GB SSD (Win11, Office21, Silver, 1.69kg) Anti-Glare,15.6-inch(39.6cm), FHD Laptop, Intel Iris Xe Graphics, Backlit KB, HD Camera, fq5330TU: 50800.00
2025/06/19 03:46:00 Processing collection: ayush

Processing incomplete records...
2025/06/19 03:46:00 Error updating product : unsupported vendor or invalid URL: 
2025/06/19 03:46:00 Unsupported vendor for URL: 
3849.
Updated price for AI Smart Kids Remote Control Robot Dog Toy, Programmable Interactive & Smart Dancing Robots for Kids 5 and up, RC Stunt Toy Dog with Sound LED Eyes, Electronic Pets Toys Robotic Dogs (White Blue): 3849.00
2025/06/19 03:46:03 Finished processing all collections.
2025/06/19 04:00:01 Listing all collections...
2025/06/19 04:00:02 [qwerty henry ayush]
2025/06/19 04:00:02 Processing collection: qwerty

Processing incomplete records...
2025/06/19 04:00:03 Error updating product : unsupported vendor or invalid URL: 
2025/06/19 04:00:03 Unsupported vendor for URL: 
2025/06/19 04:00:03 Processing collection: henry

Processing incomplete records...
2025/06/19 04:00:03 Error updating product : unsupported vendor or invalid URL: 
2025/06/19 04:00:03 Unsupported vendor for URL: 
50800.
Updated price for HP 15s, 12th Gen Intel Core i5-1235U,16GB DDR4, 512GB SSD (Win11, Office21, Silver, 1.69kg) Anti-Glare,15.6-inch(39.6cm), FHD Laptop, Intel Iris Xe Graphics, Backlit KB, HD Camera, fq5330TU: 50800.00
2025/06/19 04:00:06 Processing collection: ayush

Processing incomplete records...
2025/06/19 04:00:06 Error updating product : unsupported vendor or invalid URL: 
2025/06/19 04:00:06 Unsupported vendor for URL: 
3849.
Updated price for AI Smart Kids Remote Control Robot Dog Toy, Programmable Interactive & Smart Dancing Robots for Kids 5 and up, RC Stunt Toy Dog with Sound LED Eyes, Electronic Pets Toys Robotic Dogs (White Blue): 3849.00
2025/06/19 04:00:09 Finished processing all collections.
2025/06/19 04:30:02 Listing all collections...
2025/06/19 04:30:03 [qwerty henry Modi Rand sanitizer ayush]
2025/06/19 04:30:03 Processing collection: qwerty

Processing incomplete records...
2025/06/19 04:30:03 Error updating product : unsupported vendor or invalid URL: 
2025/06/19 04:30:03 Unsupported vendor for URL: 
2025/06/19 04:30:03 Processing collection: henry

Processing incomplete records...
2025/06/19 04:30:03 Error updating product : unsupported vendor or invalid URL: 
2025/06/19 04:30:03 Unsupported vendor for URL: 
50800.
Updated price for HP 15s, 12th Gen Intel Core i5-1235U,16GB DDR4, 512GB SSD (Win11, Office21, Silver, 1.69kg) Anti-Glare,15.6-inch(39.6cm), FHD Laptop, Intel Iris Xe Graphics, Backlit KB, HD Camera, fq5330TU: 50800.00
2025/06/19 04:30:07 Processing collection: Modi

Processing incomplete records...
2025/06/19 04:30:07 Error updating product : unsupported vendor or invalid URL: 
https://www.amazon.in/dp/B0DTTS34NW/ref=QAHzEditorial_en_IN_1?pf_rd_r=CJE3G6657B62BBFPHPN0&pf_rd_p=f4fb0cba-4ac9-40b5-9259-f9f963c015c6&pf_rd_m=A1VBAL9TL5WCBF&pf_rd_s=mobile-hybrid-7&pf_rd_t=30901&pf_rd_i=1375424031
Successfully updated product: https://www.amazon.in/dp/B0DTTS34NW/ref=QAHzEditorial_en_IN_1?pf_rd_r=CJE3G6657B62BBFPHPN0&pf_rd_p=f4fb0cba-4ac9-40b5-9259-f9f963c015c6&pf_rd_m=A1VBAL9TL5WCBF&pf_rd_s=mobile-hybrid-7&pf_rd_t=30901&pf_rd_i=1375424031
2025/06/19 04:30:16 Unsupported vendor for URL: 
68490
panic: runtime error: index out of range [-1]

goroutine 1 [running]:
github.com/Cypher042/BArgus/backend/notifservice.SendNotification(0x0?)
	/home/cypher/BArgus/backend/notifservice/notifservice.go:13 +0x40d
github.com/Cypher042/BArgus/backend/database.UpdatePrices({0xc0002bcc08?, 0x4?})
	/home/cypher/BArgus/backend/database/database.go:184 +0xa5f
main.main()
	/home/cypher/BArgus/backend/main.go:32 +0x410
2025/06/19 05:00:01 Listing all collections...
2025/06/19 05:00:02 [qwerty henry Modi Rand sanitizer ayush]
2025/06/19 05:00:02 Processing collection: qwerty

Processing incomplete records...
2025/06/19 05:00:02 Error updating product : unsupported vendor or invalid URL: 
2025/06/19 05:00:03 Unsupported vendor for URL: 
2025/06/19 05:00:03 Processing collection: henry

Processing incomplete records...
2025/06/19 05:00:03 Error updating product : unsupported vendor or invalid URL: 
2025/06/19 05:00:03 Unsupported vendor for URL: 
50800.
Updated price for HP 15s, 12th Gen Intel Core i5-1235U,16GB DDR4, 512GB SSD (Win11, Office21, Silver, 1.69kg) Anti-Glare,15.6-inch(39.6cm), FHD Laptop, Intel Iris Xe Graphics, Backlit KB, HD Camera, fq5330TU: 50800.00
2025/06/19 05:00:06 Processing collection: Modi

Processing incomplete records...
2025/06/19 05:00:06 Error updating product : unsupported vendor or invalid URL: 
2025/06/19 05:00:06 Unsupported vendor for URL: 
68490
Updated price for HP 15,13th Gen Intel Core i7-1355U Laptop,(16GB DDR4, 512GB SSD) Antiglare, 15.6’’/39.6cm, FHD, Win11, M365 Basic(1yr), Office Home 24, Silver, 1.59kg, Iris Xe, FHD Camera w/Shutter, Backlit, fd0468tu: 68490.00
2025/06/19 05:00:09 Processing collection: Rand sanitizer

Processing incomplete records...
2025/06/19 05:00:09 Error updating product : unsupported vendor or invalid URL: 
2025/06/19 05:00:09 Unsupported vendor for URL: 
2025/06/19 05:00:09 Processing collection: ayush

Processing incomplete records...
2025/06/19 05:00:09 Error updating product : unsupported vendor or invalid URL: 
2025/06/19 05:00:09 Unsupported vendor for URL: 
3849.
Updated price for AI Smart Kids Remote Control Robot Dog Toy, Programmable Interactive & Smart Dancing Robots for Kids 5 and up, RC Stunt Toy Dog with Sound LED Eyes, Electronic Pets Toys Robotic Dogs (White Blue): 3849.00
2025/06/19 05:00:12 Finished processing all collections.
2025/06/19 05:30:02 Listing all collections...
2025/06/19 05:30:03 [qwerty henry Modi Rand sanitizer ayush]
2025/06/19 05:30:03 Processing collection: qwerty

Processing incomplete records...
2025/06/19 05:30:03 Error updating product : unsupported vendor or invalid URL: 
2025/06/19 05:30:03 Unsupported vendor for URL: 
2025/06/19 05:30:03 Processing collection: henry

Processing incomplete records...
2025/06/19 05:30:03 Error updating product : unsupported vendor or invalid URL: 
2025/06/19 05:30:03 Unsupported vendor for URL: 
50800.
Updated price for HP 15s, 12th Gen Intel Core i5-1235U,16GB DDR4, 512GB SSD (Win11, Office21, Silver, 1.69kg) Anti-Glare,15.6-inch(39.6cm), FHD Laptop, Intel Iris Xe Graphics, Backlit KB, HD Camera, fq5330TU: 50800.00
2025/06/19 05:30:06 Processing collection: Modi

Processing incomplete records...
2025/06/19 05:30:06 Error updating product : unsupported vendor or invalid URL: 
2025/06/19 05:30:06 Unsupported vendor for URL: 
68490
Updated price for HP 15,13th Gen Intel Core i7-1355U Laptop,(16GB DDR4, 512GB SSD) Antiglare, 15.6’’/39.6cm, FHD, Win11, M365 Basic(1yr), Office Home 24, Silver, 1.59kg, Iris Xe, FHD Camera w/Shutter, Backlit, fd0468tu: 68490.00
2025/06/19 05:30:09 Processing collection: Rand sanitizer

Processing incomplete records...
2025/06/19 05:30:09 Error updating product : unsupported vendor or invalid URL: 
2025/06/19 05:30:09 Unsupported vendor for URL: 
2025/06/19 05:30:09 Processing collection: ayush

Processing incomplete records...
2025/06/19 05:30:09 Error updating product : unsupported vendor or invalid URL: 
https://www.amazon.in/CMF-Phone-White-256GB-Storage/dp/B0F77XPC16?crid=1HKSW5SU0Z8X2&dib=eyJ2IjoiMSJ9.MWnELmuwQ-Br4yYyhSn-LpiTLwiis6DIkMIwZhXXVmy37R-EOSDmXuX_W2nsKnI96dyoTx8XYxHnZImTEXSpnpNaQ7McbWKOXE72Xmw4NrNpU6BwQfJraLJRqb6I7YSGmFmjaBdFKi3cSdi7TXtcNFxpCHA-PKbBgItZ31z9VNq40ajxTxD2rdnHL0SoM-dgZ9glR3OpGVtGT_EeQp6zcVIJeCrM3xvcIc9o-_8yMyo.VoWWkeXHl6ESw_-SzuTWUYG0DK0iEWcWaKrn24tjtVY&dib_tag=se&keywords=cmf+phone+2+pro&nsdOptOutParam=true&qid=1750310128&sprefix=cmf%2Caps%2C302&sr=8-2
Successfully updated product: https://www.amazon.in/CMF-Phone-White-256GB-Storage/dp/B0F77XPC16?crid=1HKSW5SU0Z8X2&dib=eyJ2IjoiMSJ9.MWnELmuwQ-Br4yYyhSn-LpiTLwiis6DIkMIwZhXXVmy37R-EOSDmXuX_W2nsKnI96dyoTx8XYxHnZImTEXSpnpNaQ7McbWKOXE72Xmw4NrNpU6BwQfJraLJRqb6I7YSGmFmjaBdFKi3cSdi7TXtcNFxpCHA-PKbBgItZ31z9VNq40ajxTxD2rdnHL0SoM-dgZ9glR3OpGVtGT_EeQp6zcVIJeCrM3xvcIc9o-_8yMyo.VoWWkeXHl6ESw_-SzuTWUYG0DK0iEWcWaKrn24tjtVY&dib_tag=se&keywords=cmf+phone+2+pro&nsdOptOutParam=true&qid=1750310128&sprefix=cmf%2Caps%2C302&sr=8-2
https://www.amazon.in/OnePlus-Wireless-Bluetooth-Cancellation-Harmonic/dp/B0DFQ1R3W4?crid=E1OWHN7S6EPS&dib=eyJ2IjoiMSJ9.snhsc3HUONBt6iIRKdeiLvXh_6sUFrjhMxrLEKjdt82VGhNw4vlwX6lvxynZJVZMxMUQEjUmmOgudMPZUo5rbiecEIP9__jzc_B5tJGhKnkYALtQ7vkyu2H7QwnIOthGM3cfvs7h3vVl3naEd7RHk2obWQSXorIBg-qv6sEJs6wAkIo0-jt1rWxjQH5pLRr42LUvj-LNmo1vQY_aHdInT4Ih_CFnseS6oSNyHE3_kHw.IyC-1V0XMSH0697EaOe2qS9wkjZzs6jBvYWv-rBVlVM&dib_tag=se&keywords=cmf+buds+pro+2&nsdOptOutParam=true&qid=1750310193&sprefix=cmf+buds%2Caps%2C283&sr=8-3
Successfully updated product: https://www.amazon.in/OnePlus-Wireless-Bluetooth-Cancellation-Harmonic/dp/B0DFQ1R3W4?crid=E1OWHN7S6EPS&dib=eyJ2IjoiMSJ9.snhsc3HUONBt6iIRKdeiLvXh_6sUFrjhMxrLEKjdt82VGhNw4vlwX6lvxynZJVZMxMUQEjUmmOgudMPZUo5rbiecEIP9__jzc_B5tJGhKnkYALtQ7vkyu2H7QwnIOthGM3cfvs7h3vVl3naEd7RHk2obWQSXorIBg-qv6sEJs6wAkIo0-jt1rWxjQH5pLRr42LUvj-LNmo1vQY_aHdInT4Ih_CFnseS6oSNyHE3_kHw.IyC-1V0XMSH0697EaOe2qS9wkjZzs6jBvYWv-rBVlVM&dib_tag=se&keywords=cmf+buds+pro+2&nsdOptOutParam=true&qid=1750310193&sprefix=cmf+buds%2Caps%2C283&sr=8-3
https://www.amazon.in/CMF-Nothing-Technology-Bluetooth-Wireless/dp/B0CQ26KG43?crid=E1OWHN7S6EPS&dib=eyJ2IjoiMSJ9.snhsc3HUONBt6iIRKdeiLvXh_6sUFrjhMxrLEKjdt82VGhNw4vlwX6lvxynZJVZMxMUQEjUmmOgudMPZUo5rbiecEIP9__jzc_B5tJGhKnlLfjKV1M85txXip35Dy9JnwUXW0UZT5nW3fVuQMbHSAz48ho0YySXuPmfV84ojpLdplVvUD2MBG7PoW18jLCGA2LUvj-LNmo1vQY_aHdInT4Ih_CFnseS6oSNyHE3_kHw.xIKcqghlLCFqIpVvzwmO-CrmXfIM1ol5AiSYPGBYW2Q&dib_tag=se&keywords=cmf+buds+pro+2&nsdOptOutParam=true&qid=1750310245&sprefix=cmf+buds%2Caps%2C283&sr=8-4
Successfully updated product: https://www.amazon.in/CMF-Nothing-Technology-Bluetooth-Wireless/dp/B0CQ26KG43?crid=E1OWHN7S6EPS&dib=eyJ2IjoiMSJ9.snhsc3HUONBt6iIRKdeiLvXh_6sUFrjhMxrLEKjdt82VGhNw4vlwX6lvxynZJVZMxMUQEjUmmOgudMPZUo5rbiecEIP9__jzc_B5tJGhKnlLfjKV1M85txXip35Dy9JnwUXW0UZT5nW3fVuQMbHSAz48ho0YySXuPmfV84ojpLdplVvUD2MBG7PoW18jLCGA2LUvj-LNmo1vQY_aHdInT4Ih_CFnseS6oSNyHE3_kHw.xIKcqghlLCFqIpVvzwmO-CrmXfIM1ol5AiSYPGBYW2Q&dib_tag=se&keywords=cmf+buds+pro+2&nsdOptOutParam=true&qid=1750310245&sprefix=cmf+buds%2Caps%2C283&sr=8-4
https://www.amazon.in/Apple-iPhone-15-128-GB/dp/B0CHX1W1XY?crid=3FQO55EWLGLKY&dib=eyJ2IjoiMSJ9.8-aKrERwPzdGyJWfWOa56CHlcoY2t2DIIKK5wOIgpDBIt6Em6nQdjZ0JQ4y22lardt2pRIbVxf6eyCuyDZXg0CA6yN_FT5mU8ze0yWnsW66S72Q4H1Bs5gMv7FeOE8DmKyXFRzO7h4HjmglDr32kPONRjFwPSb028PwrRRlnM_5ZAvEzisyU_V9RuhDyRkadnbtK4JL4tkicOUvwzYDvvH-zVi2ZfpnS8kK5mOC_gQo.fu29iO5pHRq3PuTo4K5c6D87zDQUm0IFdPtw4YENctE&dib_tag=se&keywords=iphone&qid=1750310308&sprefix=ipho%2Caps%2C300&sr=8-3
Successfully updated product: https://www.amazon.in/Apple-iPhone-15-128-GB/dp/B0CHX1W1XY?crid=3FQO55EWLGLKY&dib=eyJ2IjoiMSJ9.8-aKrERwPzdGyJWfWOa56CHlcoY2t2DIIKK5wOIgpDBIt6Em6nQdjZ0JQ4y22lardt2pRIbVxf6eyCuyDZXg0CA6yN_FT5mU8ze0yWnsW66S72Q4H1Bs5gMv7FeOE8DmKyXFRzO7h4HjmglDr32kPONRjFwPSb028PwrRRlnM_5ZAvEzisyU_V9RuhDyRkadnbtK4JL4tkicOUvwzYDvvH-zVi2ZfpnS8kK5mOC_gQo.fu29iO5pHRq3PuTo4K5c6D87zDQUm0IFdPtw4YENctE&dib_tag=se&keywords=iphone&qid=1750310308&sprefix=ipho%2Caps%2C300&sr=8-3
2025/06/19 05:30:43 Unsupported vendor for URL: 
3849.
Updated price for AI Smart Kids Remote Control Robot Dog Toy, Programmable Interactive & Smart Dancing Robots for Kids 5 and up, RC Stunt Toy Dog with Sound LED Eyes, Electronic Pets Toys Robotic Dogs (White Blue): 3849.00
20305.
panic: runtime error: index out of range [-1]

goroutine 1 [running]:
github.com/Cypher042/BArgus/backend/notifservice.SendNotification(0x0?)
	/home/cypher/BArgus/backend/notifservice/notifservice.go:13 +0x40d
github.com/Cypher042/BArgus/backend/database.UpdatePrices({0xc000396330?, 0x5?})
	/home/cypher/BArgus/backend/database/database.go:184 +0xa5f
main.main()
	/home/cypher/BArgus/backend/main.go:32 +0x410
2025/06/19 06:00:01 Listing all collections...
2025/06/19 06:00:02 [qwerty henry Modi kkk Rand sanitizer prg ayush kdfa]
2025/06/19 06:00:02 Processing collection: qwerty

Processing incomplete records...
2025/06/19 06:00:02 Error updating product : unsupported vendor or invalid URL: 
2025/06/19 06:00:02 Unsupported vendor for URL: 
2025/06/19 06:00:02 Processing collection: henry

Processing incomplete records...
2025/06/19 06:00:02 Error updating product : unsupported vendor or invalid URL: 
2025/06/19 06:00:02 Unsupported vendor for URL: 
50800.
Updated price for HP 15s, 12th Gen Intel Core i5-1235U,16GB DDR4, 512GB SSD (Win11, Office21, Silver, 1.69kg) Anti-Glare,15.6-inch(39.6cm), FHD Laptop, Intel Iris Xe Graphics, Backlit KB, HD Camera, fq5330TU: 50800.00
2025/06/19 06:00:06 Processing collection: Modi

Processing incomplete records...
2025/06/19 06:00:06 Error updating product : unsupported vendor or invalid URL: 
2025/06/19 06:00:06 Unsupported vendor for URL: 
68490
Updated price for HP 15,13th Gen Intel Core i7-1355U Laptop,(16GB DDR4, 512GB SSD) Antiglare, 15.6’’/39.6cm, FHD, Win11, M365 Basic(1yr), Office Home 24, Silver, 1.59kg, Iris Xe, FHD Camera w/Shutter, Backlit, fd0468tu: 68490.00
2025/06/19 06:00:08 Processing collection: kkk

Processing incomplete records...
2025/06/19 06:00:09 Error updating product : unsupported vendor or invalid URL: 
https://www.amazon.in/Skybags-Brat-Black-Casual-Backpack/dp/B08Z1HHHTD/ref=sr_1_4?crid=U8GIS0DYLHLH&dib=eyJ2IjoiMSJ9.z9JsHaQ7aXDEM7FiNIA32_1r3krkip5BQYdtuN5iW1_ZkVlgRpg64hCUtGQbi5qKtIawGMt0mUjE5jg8_ypkbgt7ljqM68-13wVCiE_X7WgSTlNYDQ2CUl4CFevVFBm4rlWx14NeV9_A4CmZn_n8oUxPFT9K74g9gCiVR0Ny-ZnLCas9tN5v6nBopAAKeTpUCuyKFyG2--eHblL23IX5OIsY-QswZpHQkLzyRCSPTek.ypFIsCp-noSqccSe0rMv8Btt8bqTrA32V9UprdnjfeY&dib_tag=se&keywords=bag&qid=1750312365&sprefix=bag%2Caps%2C238&sr=8-4&th=1
2025/06/19 06:00:16 Error updating product https://www.amazon.in/Skybags-Brat-Black-Casual-Backpack/dp/B08Z1HHHTD/ref=sr_1_4?crid=U8GIS0DYLHLH&dib=eyJ2IjoiMSJ9.z9JsHaQ7aXDEM7FiNIA32_1r3krkip5BQYdtuN5iW1_ZkVlgRpg64hCUtGQbi5qKtIawGMt0mUjE5jg8_ypkbgt7ljqM68-13wVCiE_X7WgSTlNYDQ2CUl4CFevVFBm4rlWx14NeV9_A4CmZn_n8oUxPFT9K74g9gCiVR0Ny-ZnLCas9tN5v6nBopAAKeTpUCuyKFyG2--eHblL23IX5OIsY-QswZpHQkLzyRCSPTek.ypFIsCp-noSqccSe0rMv8Btt8bqTrA32V9UprdnjfeY&dib_tag=se&keywords=bag&qid=1750312365&sprefix=bag%2Caps%2C238&sr=8-4&th=1: failed to scrape specifications: features not found on Amazon page
2025/06/19 06:00:16 Unsupported vendor for URL: 
472.
panic: runtime error: index out of range [-1]

goroutine 1 [running]:
github.com/Cypher042/BArgus/backend/notifservice.SendNotification(0x0?)
	/home/cypher/BArgus/backend/notifservice/notifservice.go:13 +0x40d
github.com/Cypher042/BArgus/backend/database.UpdatePrices({0xc00034a8bc?, 0x3?})
	/home/cypher/BArgus/backend/database/database.go:184 +0xa5f
main.main()
	/home/cypher/BArgus/backend/main.go:32 +0x410
2025/06/19 06:18:23 Listing all collections...
2025/06/19 06:18:24 [qwerty henry Modi kkk Rand sanitizer prg ayush kdfa]
2025/06/19 06:18:24 Processing collection: qwerty

Processing incomplete records...
2025/06/19 06:18:24 Error updating product : unsupported vendor or invalid URL: 
2025/06/19 06:18:24 Unsupported vendor for URL: 
2025/06/19 06:18:24 Processing collection: henry

Processing incomplete records...
2025/06/19 06:18:24 Error updating product : unsupported vendor or invalid URL: 
2025/06/19 06:18:24 Unsupported vendor for URL: 
50800.
Updated price for HP 15s, 12th Gen Intel Core i5-1235U,16GB DDR4, 512GB SSD (Win11, Office21, Silver, 1.69kg) Anti-Glare,15.6-inch(39.6cm), FHD Laptop, Intel Iris Xe Graphics, Backlit KB, HD Camera, fq5330TU: 50800.00
2025/06/19 06:18:27 Processing collection: Modi

Processing incomplete records...
2025/06/19 06:18:27 Error updating product : unsupported vendor or invalid URL: 
2025/06/19 06:18:28 Unsupported vendor for URL: 
68490
Updated price for HP 15,13th Gen Intel Core i7-1355U Laptop,(16GB DDR4, 512GB SSD) Antiglare, 15.6’’/39.6cm, FHD, Win11, M365 Basic(1yr), Office Home 24, Silver, 1.59kg, Iris Xe, FHD Camera w/Shutter, Backlit, fd0468tu: 68490.00
2025/06/19 06:18:30 Processing collection: kkk

Processing incomplete records...
2025/06/19 06:18:30 Error updating product : unsupported vendor or invalid URL: 
https://www.amazon.in/Skybags-Brat-Black-Casual-Backpack/dp/B08Z1HHHTD/ref=sr_1_4?crid=U8GIS0DYLHLH&dib=eyJ2IjoiMSJ9.z9JsHaQ7aXDEM7FiNIA32_1r3krkip5BQYdtuN5iW1_ZkVlgRpg64hCUtGQbi5qKtIawGMt0mUjE5jg8_ypkbgt7ljqM68-13wVCiE_X7WgSTlNYDQ2CUl4CFevVFBm4rlWx14NeV9_A4CmZn_n8oUxPFT9K74g9gCiVR0Ny-ZnLCas9tN5v6nBopAAKeTpUCuyKFyG2--eHblL23IX5OIsY-QswZpHQkLzyRCSPTek.ypFIsCp-noSqccSe0rMv8Btt8bqTrA32V9UprdnjfeY&dib_tag=se&keywords=bag&qid=1750312365&sprefix=bag%2Caps%2C238&sr=8-4&th=1
2025/06/19 06:18:38 Error updating product https://www.amazon.in/Skybags-Brat-Black-Casual-Backpack/dp/B08Z1HHHTD/ref=sr_1_4?crid=U8GIS0DYLHLH&dib=eyJ2IjoiMSJ9.z9JsHaQ7aXDEM7FiNIA32_1r3krkip5BQYdtuN5iW1_ZkVlgRpg64hCUtGQbi5qKtIawGMt0mUjE5jg8_ypkbgt7ljqM68-13wVCiE_X7WgSTlNYDQ2CUl4CFevVFBm4rlWx14NeV9_A4CmZn_n8oUxPFT9K74g9gCiVR0Ny-ZnLCas9tN5v6nBopAAKeTpUCuyKFyG2--eHblL23IX5OIsY-QswZpHQkLzyRCSPTek.ypFIsCp-noSqccSe0rMv8Btt8bqTrA32V9UprdnjfeY&dib_tag=se&keywords=bag&qid=1750312365&sprefix=bag%2Caps%2C238&sr=8-4&th=1: failed to scrape specifications: features not found on Amazon page
2025/06/19 06:18:38 Unsupported vendor for URL: 
472.
Updated price for : 472.00
2025/06/19 06:18:41 Processing collection: Rand sanitizer

Processing incomplete records...
2025/06/19 06:18:41 Error updating product : unsupported vendor or invalid URL: 
2025/06/19 06:18:41 Unsupported vendor for URL: 
2025/06/19 06:18:41 Processing collection: prg

Processing incomplete records...
2025/06/19 06:18:41 Error updating product : unsupported vendor or invalid URL: 
2025/06/19 06:18:41 Unsupported vendor for URL: 
2025/06/19 06:18:41 Processing collection: ayush

Processing incomplete records...
2025/06/19 06:18:41 Error updating product : unsupported vendor or invalid URL: 
2025/06/19 06:18:41 Unsupported vendor for URL: 
3849.
Updated price for AI Smart Kids Remote Control Robot Dog Toy, Programmable Interactive & Smart Dancing Robots for Kids 5 and up, RC Stunt Toy Dog with Sound LED Eyes, Electronic Pets Toys Robotic Dogs (White Blue): 3849.00
20300.
Updated price for CMF Phone 2 Pro (White, 8GB RAM, 256GB Storage): 20300.00

2025/06/19 06:18:51 Error scraping Amazon price for https://www.amazon.in/OnePlus-Wireless-Bluetooth-Cancellation-Harmonic/dp/B0DFQ1R3W4?crid=E1OWHN7S6EPS&dib=eyJ2IjoiMSJ9.snhsc3HUONBt6iIRKdeiLvXh_6sUFrjhMxrLEKjdt82VGhNw4vlwX6lvxynZJVZMxMUQEjUmmOgudMPZUo5rbiecEIP9__jzc_B5tJGhKnkYALtQ7vkyu2H7QwnIOthGM3cfvs7h3vVl3naEd7RHk2obWQSXorIBg-qv6sEJs6wAkIo0-jt1rWxjQH5pLRr42LUvj-LNmo1vQY_aHdInT4Ih_CFnseS6oSNyHE3_kHw.IyC-1V0XMSH0697EaOe2qS9wkjZzs6jBvYWv-rBVlVM&dib_tag=se&keywords=cmf+buds+pro+2&nsdOptOutParam=true&qid=1750310193&sprefix=cmf+buds%2Caps%2C283&sr=8-3: price not found on Amazon page
2549.
panic: runtime error: index out of range [-1]

goroutine 1 [running]:
github.com/Cypher042/BArgus/backend/notifservice.SendNotification(0x0?)
	/home/cypher/BArgus/backend/notifservice/notifservice.go:13 +0x40d
github.com/Cypher042/BArgus/backend/database.UpdatePrices({0xc00035ae03?, 0x5?})
	/home/cypher/BArgus/backend/database/database.go:184 +0xa5f
main.main()
	/home/cypher/BArgus/backend/main.go:32 +0x410
2025/06/19 06:30:01 Listing all collections...
2025/06/19 06:30:02 [qwerty henry Modi kkk testy Rand sanitizer prg ayush kdfa]
2025/06/19 06:30:02 Processing collection: qwerty

Processing incomplete records...
2025/06/19 06:30:02 Error updating product : unsupported vendor or invalid URL: 
2025/06/19 06:30:02 Unsupported vendor for URL: 
2025/06/19 06:30:02 Processing collection: henry

Processing incomplete records...
2025/06/19 06:30:02 Error updating product : unsupported vendor or invalid URL: 
2025/06/19 06:30:02 Unsupported vendor for URL: 
50800.
Updated price for HP 15s, 12th Gen Intel Core i5-1235U,16GB DDR4, 512GB SSD (Win11, Office21, Silver, 1.69kg) Anti-Glare,15.6-inch(39.6cm), FHD Laptop, Intel Iris Xe Graphics, Backlit KB, HD Camera, fq5330TU: 50800.00
2025/06/19 06:30:05 Processing collection: Modi

Processing incomplete records...
2025/06/19 06:30:05 Error updating product : unsupported vendor or invalid URL: 
2025/06/19 06:30:06 Unsupported vendor for URL: 
68490
Updated price for HP 15,13th Gen Intel Core i7-1355U Laptop,(16GB DDR4, 512GB SSD) Antiglare, 15.6’’/39.6cm, FHD, Win11, M365 Basic(1yr), Office Home 24, Silver, 1.59kg, Iris Xe, FHD Camera w/Shutter, Backlit, fd0468tu: 68490.00
2025/06/19 06:30:08 Processing collection: kkk

Processing incomplete records...
2025/06/19 06:30:08 Error updating product : unsupported vendor or invalid URL: 
https://www.amazon.in/Skybags-Brat-Black-Casual-Backpack/dp/B08Z1HHHTD/ref=sr_1_4?crid=U8GIS0DYLHLH&dib=eyJ2IjoiMSJ9.z9JsHaQ7aXDEM7FiNIA32_1r3krkip5BQYdtuN5iW1_ZkVlgRpg64hCUtGQbi5qKtIawGMt0mUjE5jg8_ypkbgt7ljqM68-13wVCiE_X7WgSTlNYDQ2CUl4CFevVFBm4rlWx14NeV9_A4CmZn_n8oUxPFT9K74g9gCiVR0Ny-ZnLCas9tN5v6nBopAAKeTpUCuyKFyG2--eHblL23IX5OIsY-QswZpHQkLzyRCSPTek.ypFIsCp-noSqccSe0rMv8Btt8bqTrA32V9UprdnjfeY&dib_tag=se&keywords=bag&qid=1750312365&sprefix=bag%2Caps%2C238&sr=8-4&th=1
2025/06/19 06:30:16 Error updating product https://www.amazon.in/Skybags-Brat-Black-Casual-Backpack/dp/B08Z1HHHTD/ref=sr_1_4?crid=U8GIS0DYLHLH&dib=eyJ2IjoiMSJ9.z9JsHaQ7aXDEM7FiNIA32_1r3krkip5BQYdtuN5iW1_ZkVlgRpg64hCUtGQbi5qKtIawGMt0mUjE5jg8_ypkbgt7ljqM68-13wVCiE_X7WgSTlNYDQ2CUl4CFevVFBm4rlWx14NeV9_A4CmZn_n8oUxPFT9K74g9gCiVR0Ny-ZnLCas9tN5v6nBopAAKeTpUCuyKFyG2--eHblL23IX5OIsY-QswZpHQkLzyRCSPTek.ypFIsCp-noSqccSe0rMv8Btt8bqTrA32V9UprdnjfeY&dib_tag=se&keywords=bag&qid=1750312365&sprefix=bag%2Caps%2C238&sr=8-4&th=1: failed to scrape specifications: features not found on Amazon page
2025/06/19 06:30:16 Unsupported vendor for URL: 
472.
Updated price for : 472.00
2025/06/19 06:30:18 Processing collection: testy

Processing incomplete records...
2025/06/19 06:30:18 Error updating product : unsupported vendor or invalid URL: 
https://www.amazon.in/Razer-DeathAdder-Hyperspeed-Award-Winning-RZ01-04130100-R3A1/dp/B09KH6NFXG?pd_rd_w=mnNRV&content-id=amzn1.sym.529d03fa-575b-4f2b-a4d6-0c02eabf0a7e%3Aamzn1.symc.45dc5f4c-d617-4dba-aa26-2cadef3da899&pf_rd_p=529d03fa-575b-4f2b-a4d6-0c02eabf0a7e&pf_rd_r=P0TFJACPRG5ENAEDBWKH&pd_rd_wg=pibUR&pd_rd_r=2d0c9b6f-eab3-4b26-89f8-dbbcc086d4bb&pd_rd_i=B09KH6NFXG
Successfully updated product: https://www.amazon.in/Razer-DeathAdder-Hyperspeed-Award-Winning-RZ01-04130100-R3A1/dp/B09KH6NFXG?pd_rd_w=mnNRV&content-id=amzn1.sym.529d03fa-575b-4f2b-a4d6-0c02eabf0a7e%3Aamzn1.symc.45dc5f4c-d617-4dba-aa26-2cadef3da899&pf_rd_p=529d03fa-575b-4f2b-a4d6-0c02eabf0a7e&pf_rd_r=P0TFJACPRG5ENAEDBWKH&pd_rd_wg=pibUR&pd_rd_r=2d0c9b6f-eab3-4b26-89f8-dbbcc086d4bb&pd_rd_i=B09KH6NFXG
2025/06/19 06:30:27 Unsupported vendor for URL: 
2895.
panic: runtime error: index out of range [-1]

goroutine 1 [running]:
github.com/Cypher042/BArgus/backend/notifservice.SendNotification(0x0?)
	/home/cypher/BArgus/backend/notifservice/notifservice.go:13 +0x40d
github.com/Cypher042/BArgus/backend/database.UpdatePrices({0xc000161ce3?, 0x5?})
	/home/cypher/BArgus/backend/database/database.go:184 +0xa5f
main.main()
	/home/cypher/BArgus/backend/main.go:32 +0x410
2025/06/19 07:00:01 Listing all collections...
2025/06/19 07:00:02 [testyy qwerty henry testyyy Modi lauda kkk testy Rand sanitizer prg ayush kdfa]
2025/06/19 07:00:02 Processing collection: testyy

Processing incomplete records...
2025/06/19 07:00:02 Error updating product : unsupported vendor or invalid URL: 
2025/06/19 07:00:02 Unsupported vendor for URL: 
150.
Updated price for TheGiftKart Shockproof Crystal Clear Back Cover Case for Mi Poco F5 5G | 360 Degree Protection | Protective Design | Transparent Back Cover Case for Mi Poco F5 5G (Black Bumper): 150.00
2025/06/19 07:00:05 Processing collection: qwerty

Processing incomplete records...
2025/06/19 07:00:05 Error updating product : unsupported vendor or invalid URL: 
2025/06/19 07:00:05 Unsupported vendor for URL: 
2025/06/19 07:00:05 Processing collection: henry

Processing incomplete records...
2025/06/19 07:00:05 Error updating product : unsupported vendor or invalid URL: 
2025/06/19 07:00:05 Unsupported vendor for URL: 
50800.
Updated price for HP 15s, 12th Gen Intel Core i5-1235U,16GB DDR4, 512GB SSD (Win11, Office21, Silver, 1.69kg) Anti-Glare,15.6-inch(39.6cm), FHD Laptop, Intel Iris Xe Graphics, Backlit KB, HD Camera, fq5330TU: 50800.00
2025/06/19 07:00:08 Processing collection: testyyy

Processing incomplete records...
2025/06/19 07:00:08 Error updating product : unsupported vendor or invalid URL: 
2025/06/19 07:00:08 Unsupported vendor for URL: 
150.
Updated price for TheGiftKart Shockproof Crystal Clear Back Cover Case for Mi Poco F5 5G | 360 Degree Protection | Protective Design | Transparent Back Cover Case for Mi Poco F5 5G (Black Bumper): 150.00
2025/06/19 07:00:11 Processing collection: Modi

Processing incomplete records...
2025/06/19 07:00:11 Error updating product : unsupported vendor or invalid URL: 
2025/06/19 07:00:11 Unsupported vendor for URL: 
68490
Updated price for HP 15,13th Gen Intel Core i7-1355U Laptop,(16GB DDR4, 512GB SSD) Antiglare, 15.6’’/39.6cm, FHD, Win11, M365 Basic(1yr), Office Home 24, Silver, 1.59kg, Iris Xe, FHD Camera w/Shutter, Backlit, fd0468tu: 68490.00
2025/06/19 07:00:14 Processing collection: lauda

Processing incomplete records...
2025/06/19 07:00:14 Error updating product : unsupported vendor or invalid URL: 
2025/06/19 07:00:24 Error: Get "https://www.flipkart.com/oppo-enco-buds-2-28-hours-battery-life-deep-noise-cancellation-bluetooth-headset/p/itm3344fa26518ed": context deadline exceeded (Client.Timeout exceeded while awaiting headers)
2025/06/19 07:00:24 Error updating product https://www.flipkart.com/oppo-enco-buds-2-28-hours-battery-life-deep-noise-cancellation-bluetooth-headset/p/itm3344fa26518ed: failed to scrape name: error visiting URL: Get "https://www.flipkart.com/oppo-enco-buds-2-28-hours-battery-life-deep-noise-cancellation-bluetooth-headset/p/itm3344fa26518ed": context deadline exceeded (Client.Timeout exceeded while awaiting headers)
2025/06/19 07:00:24 Unsupported vendor for URL: 
2025/06/19 07:00:34 Error: Get "https://www.flipkart.com/oppo-enco-buds-2-28-hours-battery-life-deep-noise-cancellation-bluetooth-headset/p/itm3344fa26518ed": context deadline exceeded (Client.Timeout exceeded while awaiting headers)
2025/06/19 07:00:34 Error visiting URL: Get "https://www.flipkart.com/oppo-enco-buds-2-28-hours-battery-life-deep-noise-cancellation-bluetooth-headset/p/itm3344fa26518ed": context deadline exceeded (Client.Timeout exceeded while awaiting headers)
2025/06/19 07:09:58 Listing all collections...
2025/06/19 07:09:59 [testyy qwerty henry testyyy Modi lauda kkk testy Rand sanitizer prg ayush kdfa]
2025/06/19 07:09:59 Processing collection: testyy

Processing incomplete records...
2025/06/19 07:09:59 Error updating product : unsupported vendor or invalid URL: 
2025/06/19 07:09:59 Unsupported vendor for URL: 
150.
Updated price for TheGiftKart Shockproof Crystal Clear Back Cover Case for Mi Poco F5 5G | 360 Degree Protection | Protective Design | Transparent Back Cover Case for Mi Poco F5 5G (Black Bumper): 150.00
2025/06/19 07:10:02 Processing collection: qwerty

Processing incomplete records...
2025/06/19 07:10:02 Error updating product : unsupported vendor or invalid URL: 
2025/06/19 07:10:02 Unsupported vendor for URL: 
2025/06/19 07:10:02 Processing collection: henry

Processing incomplete records...
2025/06/19 07:10:02 Error updating product : unsupported vendor or invalid URL: 
2025/06/19 07:10:03 Unsupported vendor for URL: 
50800.
Updated price for HP 15s, 12th Gen Intel Core i5-1235U,16GB DDR4, 512GB SSD (Win11, Office21, Silver, 1.69kg) Anti-Glare,15.6-inch(39.6cm), FHD Laptop, Intel Iris Xe Graphics, Backlit KB, HD Camera, fq5330TU: 50800.00
2025/06/19 07:10:05 Processing collection: testyyy

Processing incomplete records...
2025/06/19 07:10:06 Error updating product : unsupported vendor or invalid URL: 
2025/06/19 07:10:06 Unsupported vendor for URL: 
150.
Updated price for TheGiftKart Shockproof Crystal Clear Back Cover Case for Mi Poco F5 5G | 360 Degree Protection | Protective Design | Transparent Back Cover Case for Mi Poco F5 5G (Black Bumper): 150.00
2025/06/19 07:10:08 Processing collection: Modi

Processing incomplete records...
2025/06/19 07:10:08 Error updating product : unsupported vendor or invalid URL: 
2025/06/19 07:10:08 Unsupported vendor for URL: 
68490
Updated price for HP 15,13th Gen Intel Core i7-1355U Laptop,(16GB DDR4, 512GB SSD) Antiglare, 15.6’’/39.6cm, FHD, Win11, M365 Basic(1yr), Office Home 24, Silver, 1.59kg, Iris Xe, FHD Camera w/Shutter, Backlit, fd0468tu: 68490.00
2025/06/19 07:10:11 Processing collection: lauda

Processing incomplete records...
2025/06/19 07:10:11 Error updating product : unsupported vendor or invalid URL: 
2025/06/19 07:10:11 Unsupported vendor for URL: 
2025/06/19 07:10:21 Error: Get "https://www.flipkart.com/oppo-enco-buds-2-28-hours-battery-life-deep-noise-cancellation-bluetooth-headset/p/itm3344fa26518ed": context deadline exceeded (Client.Timeout exceeded while awaiting headers)
2025/06/19 07:10:21 Error scraping Flipkart price for https://www.flipkart.com/oppo-enco-buds-2-28-hours-battery-life-deep-noise-cancellation-bluetooth-headset/p/itm3344fa26518ed: Error visiting URL: Get "https://www.flipkart.com/oppo-enco-buds-2-28-hours-battery-life-deep-noise-cancellation-bluetooth-headset/p/itm3344fa26518ed": context deadline exceeded (Client.Timeout exceeded while awaiting headers)
2025/06/19 07:10:21 Processing collection: kkk

Processing incomplete records...
2025/06/19 07:10:22 Error updating product : unsupported vendor or invalid URL: 
https://www.amazon.in/Skybags-Brat-Black-Casual-Backpack/dp/B08Z1HHHTD/ref=sr_1_4?crid=U8GIS0DYLHLH&dib=eyJ2IjoiMSJ9.z9JsHaQ7aXDEM7FiNIA32_1r3krkip5BQYdtuN5iW1_ZkVlgRpg64hCUtGQbi5qKtIawGMt0mUjE5jg8_ypkbgt7ljqM68-13wVCiE_X7WgSTlNYDQ2CUl4CFevVFBm4rlWx14NeV9_A4CmZn_n8oUxPFT9K74g9gCiVR0Ny-ZnLCas9tN5v6nBopAAKeTpUCuyKFyG2--eHblL23IX5OIsY-QswZpHQkLzyRCSPTek.ypFIsCp-noSqccSe0rMv8Btt8bqTrA32V9UprdnjfeY&dib_tag=se&keywords=bag&qid=1750312365&sprefix=bag%2Caps%2C238&sr=8-4&th=1
2025/06/19 07:10:29 Error updating product https://www.amazon.in/Skybags-Brat-Black-Casual-Backpack/dp/B08Z1HHHTD/ref=sr_1_4?crid=U8GIS0DYLHLH&dib=eyJ2IjoiMSJ9.z9JsHaQ7aXDEM7FiNIA32_1r3krkip5BQYdtuN5iW1_ZkVlgRpg64hCUtGQbi5qKtIawGMt0mUjE5jg8_ypkbgt7ljqM68-13wVCiE_X7WgSTlNYDQ2CUl4CFevVFBm4rlWx14NeV9_A4CmZn_n8oUxPFT9K74g9gCiVR0Ny-ZnLCas9tN5v6nBopAAKeTpUCuyKFyG2--eHblL23IX5OIsY-QswZpHQkLzyRCSPTek.ypFIsCp-noSqccSe0rMv8Btt8bqTrA32V9UprdnjfeY&dib_tag=se&keywords=bag&qid=1750312365&sprefix=bag%2Caps%2C238&sr=8-4&th=1: failed to scrape specifications: features not found on Amazon page
2025/06/19 07:10:29 Unsupported vendor for URL: 
472.
Updated price for : 472.00
2025/06/19 07:10:32 Processing collection: testy

Processing incomplete records...
2025/06/19 07:10:32 Error updating product : unsupported vendor or invalid URL: 
2025/06/19 07:10:32 Unsupported vendor for URL: 
2895.
Updated price for Razer Bluetooth DeathAdder V2 X Hyper Speed: Award-Winning Ergonomic Design with 16000 DPI - Ultra-Fast Hyper Speed Wireless Ergonomic Gaming Mouse - 235hr Battery Life - RZ01-04130100-R3A1, Black: 2895.00
2025/06/19 07:10:35 Processing collection: Rand sanitizer

Processing incomplete records...
2025/06/19 07:10:35 Error updating product : unsupported vendor or invalid URL: 
2025/06/19 07:10:35 Unsupported vendor for URL: 
2025/06/19 07:10:35 Processing collection: prg

Processing incomplete records...
2025/06/19 07:10:35 Error updating product : unsupported vendor or invalid URL: 
2025/06/19 07:10:35 Unsupported vendor for URL: 
2025/06/19 07:10:35 Processing collection: ayush

Processing incomplete records...
2025/06/19 07:10:35 Error updating product : unsupported vendor or invalid URL: 
2025/06/19 07:10:35 Unsupported vendor for URL: 
3849.
Updated price for AI Smart Kids Remote Control Robot Dog Toy, Programmable Interactive & Smart Dancing Robots for Kids 5 and up, RC Stunt Toy Dog with Sound LED Eyes, Electronic Pets Toys Robotic Dogs (White Blue): 3849.00
20298.
Updated price for CMF Phone 2 Pro (White, 8GB RAM, 256GB Storage): 20298.00
2299.
Updated price for OnePlus Nord Buds 3 Truly Wireless Bluetooth in Ear Earbuds with Up to 32Db Active Noise Cancellation,10Mins for 11Hours Fast Charging with Up to 43H Music Playback -Harmonic Gray: 2299.00

2025/06/19 07:10:47 Error scraping Amazon price for https://www.amazon.in/CMF-Nothing-Technology-Bluetooth-Wireless/dp/B0CQ26KG43?crid=E1OWHN7S6EPS&dib=eyJ2IjoiMSJ9.snhsc3HUONBt6iIRKdeiLvXh_6sUFrjhMxrLEKjdt82VGhNw4vlwX6lvxynZJVZMxMUQEjUmmOgudMPZUo5rbiecEIP9__jzc_B5tJGhKnlLfjKV1M85txXip35Dy9JnwUXW0UZT5nW3fVuQMbHSAz48ho0YySXuPmfV84ojpLdplVvUD2MBG7PoW18jLCGA2LUvj-LNmo1vQY_aHdInT4Ih_CFnseS6oSNyHE3_kHw.xIKcqghlLCFqIpVvzwmO-CrmXfIM1ol5AiSYPGBYW2Q&dib_tag=se&keywords=cmf+buds+pro+2&nsdOptOutParam=true&qid=1750310245&sprefix=cmf+buds%2Caps%2C283&sr=8-4: price not found on Amazon page
1589.
Updated price for Apple iPhone 15 (128 GB) - Black: 1589.00
2025/06/19 07:10:50 Processing collection: kdfa

Processing incomplete records...
2025/06/19 07:10:50 Error updating product : unsupported vendor or invalid URL: 
2025/06/19 07:10:50 Error updating product https://amzn.in/d/32dL7cX: unsupported vendor or invalid URL: https://amzn.in/d/32dL7cX
2025/06/19 07:10:50 Unsupported vendor for URL: 
2025/06/19 07:10:50 Unsupported vendor for URL: https://amzn.in/d/32dL7cX
2025/06/19 07:10:50 Finished processing all collections.
